<?xml version="1.0" encoding="UTF-8"?>
<!-- Generated by org.testng.reporters.JUnitXMLReporter -->
<testsuite hostname="OLDN92257" name="Surefire test" tests="5" failures="0" timestamp="22 Nov 2016 07:58:29 GMT" time="1.291" errors="0">
  <testcase name="buildsTextmessage on buildsTextmessage(de.chat2u.junit.MessageBuilderTest)" time="0.044" classname="de.chat2u.junit.MessageBuilderTest"/>
  <testcase name="buildsExceptionMessage on buildsExceptionMessage(de.chat2u.junit.MessageBuilderTest)" time="0.044" classname="de.chat2u.junit.MessageBuilderTest"/>
  <testcase name="generatesTokenWith32Chars on generatesTokenWith32Chars(de.chat2u.junit.TokenGeneratorTest)" time="0.0" classname="de.chat2u.junit.TokenGeneratorTest"/>
  <testcase name="generatesTokenWithModeratorPrivileges on generatesTokenWithModeratorPrivileges(de.chat2u.junit.TokenGeneratorTest)" time="0.0" classname="de.chat2u.junit.TokenGeneratorTest"/>
  <testcase name="generatesTokenWithAdminPrivileges on generatesTokenWithAdminPrivileges(de.chat2u.junit.TokenGeneratorTest)" time="0.0" classname="de.chat2u.junit.TokenGeneratorTest"/>
</testsuite> <!-- Surefire test -->
